C:\IRVINE\EXAMPLES\CH03\PROJECT\DEBUG\PROJECT.ILK
C:\IRVINE\EXAMPLES\CH03\PROJECT\DEBUG\PROJECT.EXE
C:\IRVINE\EXAMPLES\CH03\PROJECT\DEBUG\PROJECT.PDB
C:\CS 271\PROJECT\DEBUG\PROJECT.ILK
C:\CS 271\PROJECT\DEBUG\PROJECT.EXE
C:\CS 271\PROJECT\DEBUG\PROJECT.PDB
偞潲牧浡⸴獡൭䌊尺千㈠ㄷ停潲敪瑣䑜扥杵停潲牧浡⸴扯൪帊牐杯慲㑭愮浳਍㩃䍜⁓㜲就牐橯捥屴敄畢屧牐杯慲㑭漮橢਍偞潲牧浡⸴獡൭䌊尺千㈠ㄷ停潲敪瑣䑜扥杵停潲牧浡⸴扯൪帊牐杯慲㑭愮浳਍㩃䍜⁓㜲就牐橯捥屴敄畢屧牐杯慲㑭漮橢਍偞潲牧浡⸴獡൭䌊尺千㈠ㄷ停潲敪瑣䑜扥杵停潲牧浡⸴扯൪帊牐杯慲㑭愮浳਍㩃䍜⁓㜲就牐橯捥屴敄畢屧牐杯慲㑭漮橢਍偞潲牧浡⸴獡൭䌊尺千㈠ㄷ停潲敪瑣䑜扥杵停潲牧浡⸴扯൪帊牐杯慲㑭愮浳਍㩃䍜⁓㜲就牐橯捥屴敄畢屧牐杯慲㑭漮橢਍偞潲牧浡⸴獡൭䌊尺千㈠ㄷ停潲敪瑣䑜扥杵停潲牧浡⸴扯൪帊牐杯慲㑭愮浳਍㩃䍜⁓㜲就牐橯捥屴敄畢屧牐杯慲㑭漮橢਍偞潲牧浡⸴獡൭䌊尺千㈠ㄷ停潲敪瑣䑜扥杵停潲牧浡⸴扯൪帊牐杯慲㑭愮浳਍㩃䍜⁓㜲就牐橯捥屴敄畢屧牐杯慲㑭漮橢਍偞潲牧浡⸴獡൭䌊尺千㈠ㄷ停潲敪瑣䑜扥杵停潲牧浡⸴扯൪帊牐杯慲㑭愮浳਍㩃䍜⁓㜲就牐橯捥屴敄畢屧牐杯慲㑭漮橢਍偞潲牧浡⸴獡൭䌊尺千㈠ㄷ停潲敪瑣䑜扥杵停潲牧浡⸴扯൪帊牐杯慲㑭愮浳਍㩃䍜⁓㜲就牐橯捥屴敄畢屧牐杯慲㑭漮橢਍偞潲牧浡⸴獡൭䌊尺千㈠ㄷ停潲敪瑣䑜扥杵停潲牧浡⸴扯൪帊牐杯慲㑭愮浳਍㩃䍜⁓㜲就牐橯捥屴敄畢屧牐杯慲㑭漮橢਍偞潲牧浡⸴獡൭䌊尺千㈠ㄷ停潲敪瑣䑜扥杵停潲牧浡⸴扯൪帊牐杯慲㑭愮浳਍㩃䍜⁓㜲就牐橯捥屴敄畢屧牐杯慲㑭漮橢਍偞潲牧浡⸴獡൭䌊尺千㈠ㄷ停潲敪瑣䑜扥杵停潲牧浡⸴扯൪帊牐杯慲㑭愮浳਍㩃䍜⁓㜲就牐橯捥屴敄畢屧牐杯慲㑭漮橢਍偞潲牧浡⸴獡൭䌊尺千㈠ㄷ停潲敪瑣䑜扥杵停潲牧浡⸴扯൪帊牐杯慲㑭愮浳਍㩃䍜⁓㜲就牐橯捥屴敄畢屧牐杯慲㑭漮橢਍偞潲牧浡⸴獡൭䌊尺千㈠ㄷ停潲敪瑣䑜扥杵停潲牧浡⸴扯൪帊牐杯慲㑭愮浳਍㩃䍜⁓㜲就牐橯捥屴敄畢屧牐杯慲㑭漮橢਍偞潲牧浡⸴獡൭䌊尺千㈠ㄷ停潲敪瑣䑜扥杵停潲牧浡⸴扯൪帊牐杯慲㑭愮浳਍㩃䍜⁓㜲就牐橯捥屴敄畢屧牐杯慲㑭漮橢਍偞潲牧浡⸴獡൭䌊尺千㈠ㄷ停潲敪瑣䑜扥杵停潲牧浡⸴扯൪帊牐杯慲㑭愮浳਍㩃䍜⁓㜲就牐橯捥屴敄畢屧牐杯慲㑭漮橢਍偞潲牧浡⸴獡൭䌊尺千㈠ㄷ停潲敪瑣䑜扥杵停潲牧浡⸴扯൪帊牐杯慲㑭愮浳਍㩃䍜⁓㜲就牐橯捥屴敄畢屧牐杯慲㑭漮橢਍偞潲牧浡⸴獡൭䌊尺千㈠ㄷ停潲敪瑣䑜扥杵停潲牧浡⸴扯൪帊牐杯慲㑭愮浳਍㩃䍜⁓㜲就牐橯捥屴敄畢屧牐杯慲㑭漮橢਍偞潲牧浡⸴獡൭䌊尺千㈠ㄷ停潲敪瑣䑜扥杵停潲牧浡⸴扯൪帊牐杯慲㑭愮浳਍㩃䍜⁓㜲就牐橯捥屴敄畢屧牐杯慲㑭漮橢਍偞潲牧浡⸴獡൭䌊尺千㈠ㄷ停潲敪瑣䑜扥杵停潲牧浡⸴扯൪帊牐杯慲㑭愮浳਍㩃䍜⁓㜲就牐橯捥屴敄畢屧牐杯慲㑭漮橢਍偞潲牧浡⸴獡൭䌊尺千㈠ㄷ停潲敪瑣䑜扥杵停潲牧浡⸴扯൪帊牐杯慲㑭愮浳਍㩃䍜⁓㜲就牐橯捥屴敄畢屧牐杯慲㑭漮橢਍偞潲牧浡⸴獡൭䌊尺千㈠ㄷ停潲敪瑣䑜扥杵停潲牧浡⸴扯൪帊牐杯慲㑭愮浳਍㩃䍜⁓㜲就牐橯捥屴敄畢屧牐杯慲㑭漮橢਍偞潲牧浡⸴獡൭䌊尺千㈠ㄷ停潲敪瑣䑜扥杵停潲牧浡⸴扯൪帊牐杯慲㑭愮浳਍㩃䍜⁓㜲就牐橯捥屴敄畢屧牐杯慲㑭漮橢਍偞潲牧浡⸴獡൭䌊尺千㈠ㄷ停潲敪瑣䑜扥杵停潲牧浡⸴扯൪帊牐杯慲㑭愮浳਍㩃䍜⁓㜲就牐橯捥屴敄畢屧牐杯慲㑭漮橢਍偞潲牧浡⸴獡൭䌊尺千㈠ㄷ停潲敪瑣䑜扥杵停潲牧浡⸴扯൪帊牐杯慲㑭愮浳਍㩃䍜⁓㜲就牐橯捥屴敄畢屧牐杯慲㑭漮橢਍偞潲牧浡⸴獡൭䌊尺千㈠ㄷ停潲敪瑣䑜扥杵停潲牧浡⸴扯൪帊牐杯慲㑭愮浳਍㩃䍜⁓㜲就牐橯捥屴敄畢屧牐杯慲㑭漮橢਍偞潲牧浡⸴獡൭䌊尺千㈠ㄷ停潲敪瑣䑜扥杵停潲牧浡⸴扯൪帊牐杯慲㑭愮浳਍㩃䍜⁓㜲就牐橯捥屴敄畢屧牐杯慲㑭漮橢਍偞潲牧浡⸴獡൭䌊尺千㈠ㄷ停潲敪瑣䑜扥杵停潲牧浡⸴扯൪帊牐杯慲㑭愮浳਍㩃䍜⁓㜲就牐橯捥屴敄畢屧牐杯慲㑭漮橢਍偞潲牧浡⸴獡൭䌊尺千㈠ㄷ停潲敪瑣䑜扥杵停潲牧浡⸴扯൪帊牐杯慲㑭愮浳਍㩃䍜⁓㜲就牐橯捥屴敄畢屧牐杯慲㑭漮橢਍偞潲牧浡⸴獡൭䌊尺千㈠ㄷ停潲敪瑣䑜扥杵停潲牧浡⸴扯൪帊牐杯慲㑭愮浳਍㩃䍜⁓㜲就牐橯捥屴敄畢屧牐杯慲㑭漮橢਍偞潲牧浡⸴獡൭䌊尺千㈠ㄷ停潲敪瑣䑜扥杵停潲牧浡⸴扯൪帊牐杯慲㑭愮浳਍㩃䍜⁓㜲就牐橯捥屴敄畢屧牐杯慲㑭漮橢਍偞潲牧浡⸴獡൭䌊尺千㈠ㄷ停潲敪瑣䑜扥杵停潲牧浡⸴扯൪帊牐杯慲㑭愮浳਍㩃䍜⁓㜲就牐橯捥屴敄畢屧牐杯慲㑭漮橢਍偞潲牧浡⸴獡൭䌊尺千㈠ㄷ停潲敪瑣䑜扥杵停潲牧浡⸴扯൪帊牐杯慲㑭愮浳਍㩃䍜⁓㜲就牐橯捥屴敄畢屧牐杯慲㑭漮橢਍偞潲牧浡⸴獡൭䌊尺千㈠ㄷ停潲敪瑣䑜扥杵停潲牧浡⸴扯൪帊牐杯慲㑭愮浳਍㩃䍜⁓㜲就牐橯捥屴敄畢屧牐杯慲㑭漮橢਍偞潲牧浡⸴獡൭䌊尺千㈠ㄷ停潲敪瑣䑜扥杵停潲牧浡⸴扯൪帊牐杯慲㑭愮浳਍㩃䍜⁓㜲就牐橯捥屴敄畢屧牐杯慲㑭漮橢਍偞潲牧浡⸴獡൭䌊尺千㈠ㄷ停潲敪瑣䑜扥杵停潲牧浡⸴扯൪帊牐杯慲㑭愮浳਍㩃䍜⁓㜲就牐橯捥屴敄畢屧牐杯慲㑭漮橢਍偞潲牧浡⸴獡൭䌊尺千㈠ㄷ停潲敪瑣䑜扥杵停潲牧浡⸴扯൪帊牐杯慲㑭愮浳਍㩃䍜⁓㜲就牐橯捥屴敄畢屧牐杯慲㑭漮橢਍偞潲牧浡⸴獡൭䌊尺千㈠ㄷ停潲敪瑣䑜扥杵停潲牧浡⸴扯൪帊牐杯慲㑭愮浳਍㩃䍜⁓㜲就牐橯捥屴敄畢屧牐杯慲㑭漮橢਍偞潲牧浡⸴獡൭䌊尺千㈠ㄷ停潲敪瑣䑜扥杵停潲牧浡⸴扯൪帊牐杯慲㑭愮浳਍㩃䍜⁓㜲就牐橯捥屴敄畢屧牐杯慲㑭漮橢਍偞潲牧浡⸴獡൭䌊尺千㈠ㄷ停潲敪瑣䑜扥杵停潲牧浡⸴扯൪帊牐杯慲㑭愮浳਍㩃䍜⁓㜲就牐橯捥屴敄畢屧牐杯慲㑭漮橢਍偞潲牧浡⸴獡൭䌊尺千㈠ㄷ停潲敪瑣䑜扥杵停潲牧浡⸴扯൪帊牐杯慲㑭愮浳਍㩃䍜⁓㜲就牐橯捥屴敄畢屧牐杯慲㑭漮橢਍偞潲牧浡⸴獡൭䌊尺千㈠ㄷ停潲敪瑣䑜扥杵停潲牧浡⸴扯൪帊牐杯慲㑭愮浳਍㩃䍜⁓㜲就牐橯捥屴敄畢屧牐杯慲㑭漮橢਍偞潲牧浡⸴獡൭䌊尺千㈠ㄷ停潲敪瑣䑜扥杵停潲牧浡⸴扯൪帊牐杯慲㑭愮浳਍㩃䍜⁓㜲就牐橯捥屴敄畢屧牐杯慲㑭漮橢਍偞潲牧浡⸴獡൭䌊尺千㈠ㄷ停潲敪瑣䑜扥杵停潲牧浡⸴扯൪帊牐杯慲㑭愮浳਍㩃䍜⁓㜲就牐橯捥屴敄畢屧牐杯慲㑭漮橢਍偞潲牧浡⸴獡൭䌊尺千㈠ㄷ停潲敪瑣䑜扥杵停潲牧浡⸴扯൪帊牐杯慲㑭愮浳਍㩃䍜⁓㜲就牐橯捥屴敄畢屧牐杯慲㑭漮橢਍偞潲牧浡⸴獡൭䌊尺千㈠ㄷ停潲敪瑣䑜扥杵停潲牧浡⸴扯൪帊牐杯慲㑭愮浳਍㩃䍜⁓㜲就牐橯捥屴敄畢屧牐杯慲㑭漮橢਍偞潲牧浡⸴獡൭䌊尺千㈠ㄷ停潲敪瑣䑜扥杵停潲牧浡⸴扯൪帊牐杯慲㑭愮浳਍㩃䍜⁓㜲就牐橯捥屴敄畢屧牐杯慲㑭漮橢਍偞潲牧浡⸴獡൭䌊尺千㈠ㄷ停潲敪瑣䑜扥杵停潲牧浡⸴扯൪帊牐杯慲㑭愮浳਍㩃䍜⁓㜲就牐橯捥屴敄畢屧牐杯慲㑭漮橢਍偞潲牧浡⸴獡൭䌊尺千㈠ㄷ停潲敪瑣䑜扥杵停潲牧浡⸴扯൪帊牐杯慲㑭愮浳਍㩃䍜⁓㜲就牐橯捥屴敄畢屧牐杯慲㑭漮橢਍偞潲牧浡⸴獡൭䌊尺千㈠ㄷ停潲敪瑣䑜扥杵停潲牧浡⸴扯൪帊牐杯慲㑭愮浳਍㩃䍜⁓㜲就牐橯捥屴敄畢屧牐杯慲㑭漮橢਍偞潲牧浡⸴獡൭䌊尺千㈠ㄷ停潲敪瑣䑜扥杵停潲牧浡⸴扯൪帊牐杯慲㑭愮浳਍㩃䍜⁓㜲就牐橯捥屴敄畢屧牐杯慲㑭漮橢਍偞潲牧浡⸴獡൭䌊尺千㈠ㄷ停潲敪瑣䑜扥杵停潲牧浡⸴扯൪帊牐杯慲㑭愮浳਍㩃䍜⁓㜲就牐橯捥屴敄畢屧牐杯慲㑭漮橢਍偞潲牧浡⸴獡൭䌊尺千㈠ㄷ停潲敪瑣䑜扥杵停潲牧浡⸴扯൪帊牐杯慲㑭愮浳਍㩃䍜⁓㜲就牐橯捥屴敄畢屧牐杯慲㑭漮橢਍偞潲牧浡⸴獡൭䌊尺千㈠ㄷ停潲敪瑣䑜扥杵停潲牧浡⸴扯൪帊牐杯慲㑭愮浳਍㩃䍜⁓㜲就牐橯捥屴敄畢屧牐杯慲㑭漮橢਍偞潲牧浡⸴獡൭䌊尺千㈠ㄷ停潲敪瑣䑜扥杵停潲牧浡⸴扯൪帊牐杯慲㑭愮浳਍㩃䍜⁓㜲就牐橯捥屴敄畢屧牐杯慲㑭漮橢਍偞潲牧浡⸴獡൭䌊尺千㈠ㄷ停潲敪瑣䑜扥杵停潲牧浡⸴扯൪帊牐杯慲㑭愮浳਍㩃䍜⁓㜲就牐橯捥屴敄畢屧牐杯慲㑭漮橢਍偞潲牧浡⸴獡൭䌊尺千㈠ㄷ停潲敪瑣䑜扥杵停潲牧浡⸴扯൪帊牐杯慲㑭愮浳਍㩃䍜⁓㜲就牐橯捥屴敄畢屧牐杯慲㑭漮橢਍偞潲牧浡⸴獡൭䌊尺千㈠ㄷ停潲敪瑣䑜扥杵停潲牧浡⸴扯൪帊牐杯慲㑭愮浳਍㩃䍜⁓㜲就牐橯捥屴敄畢屧牐杯慲㑭漮橢਍偞潲牧浡⸴獡൭䌊尺千㈠ㄷ停潲敪瑣䑜扥杵停潲牧浡⸴扯൪帊牐杯慲㑭愮浳਍㩃䍜⁓㜲就牐橯捥屴敄畢屧牐杯慲㑭漮橢਍偞潲牧浡⸴獡൭䌊尺千㈠ㄷ停潲敪瑣䑜扥杵停潲牧浡⸴扯൪帊牐杯慲㑭愮浳਍㩃䍜⁓㜲就牐橯捥屴敄畢屧牐杯慲㑭漮橢਍偞潲牧浡⸴獡൭䌊尺千㈠ㄷ停潲敪瑣䑜扥杵停潲牧浡⸴扯൪帊牐杯慲㑭愮浳਍㩃䍜⁓㜲就牐橯捥屴敄畢屧牐杯慲㑭漮橢਍偞潲牧浡⸴獡൭䌊尺千㈠ㄷ停潲敪瑣䑜扥杵停潲牧浡⸴扯൪帊牐杯慲㑭愮浳਍㩃䍜⁓㜲就牐橯捥屴敄畢屧牐杯慲㑭漮橢਍偞潲牧浡䄴瑦牥敔瑳愮浳਍㩃䍜⁓㜲就牐橯捥屴敄畢屧牐杯慲㑭晁整呲獥⹴扯൪帊牐杯慲㑭晁整呲獥⹴獡൭䌊尺千㈠ㄷ停潲敪瑣䑜扥杵停潲牧浡䄴瑦牥敔瑳漮橢਍偞潲牧浡䄴瑦牥敔瑳愮浳਍㩃䍜⁓㜲就牐橯捥屴敄畢屧牐杯慲㑭晁整呲獥⹴扯൪帊牐杯慲㑭晁整呲獥⹴獡൭䌊尺千㈠ㄷ停潲敪瑣䑜扥杵停潲牧浡䄴瑦牥敔瑳漮橢਍偞潲牧浡䄴瑦牥敔瑳愮浳਍㩃䍜⁓㜲就牐橯捥屴敄畢屧牐杯慲㑭晁整呲獥⹴扯൪帊牐杯慲㑭晁整呲獥⹴獡൭䌊尺千㈠ㄷ停潲敪瑣䑜扥杵停潲牧浡䄴瑦牥敔瑳漮橢਍偞潲牧浡䄴瑦牥敔瑳愮浳਍㩃䍜⁓㜲就牐橯捥屴敄畢屧牐杯慲㑭晁整呲獥⹴扯൪帊牐杯慲㑭晁整呲獥⹴獡൭䌊尺千㈠ㄷ停潲敪瑣䑜扥杵停潲牧浡䄴瑦牥敔瑳漮橢਍偞潲牧浡䄴瑦牥敔瑳愮浳਍㩃䍜⁓㜲就牐橯捥屴敄畢屧牐杯慲㑭晁整呲獥⹴扯൪帊牐杯慲㑭晁整呲獥⹴獡൭䌊尺千㈠ㄷ停潲敪瑣䑜扥杵停潲牧浡䄴瑦牥敔瑳漮橢਍偞潲牧浡䄴瑦牥敔瑳愮浳਍㩃䍜⁓㜲就牐橯捥屴敄畢屧牐杯慲㑭晁整呲獥⹴扯൪帊牐杯慲㑭晁整呲獥⹴獡൭䌊尺千㈠ㄷ停潲敪瑣䑜扥杵停潲牧浡䄴瑦牥敔瑳漮橢਍偞潲牧浡䄴瑦牥敔瑳愮浳਍㩃䍜⁓㜲就牐橯捥屴敄畢屧牐杯慲㑭晁整呲獥⹴扯൪帊牐杯慲㑭晁整呲獥⹴獡൭䌊尺千㈠ㄷ停潲敪瑣䑜扥杵停潲牧浡䄴瑦牥敔瑳漮橢਍䅞獳杩浮湥㕴愮浳਍㩃䍜⁓㜲就牐橯捥屴敄畢屧獁楳湧敭瑮⸵扯൪帊獁楳湧敭瑮⸵獡൭䌊尺千㈠ㄷ停潲敪瑣䑜扥杵䅜獳杩浮湥㕴漮橢਍䅞獳杩浮湥㕴愮浳਍㩃䍜⁓㜲就牐橯捥屴敄畢屧獁楳湧敭瑮⸵扯൪帊獁楳湧敭瑮⸵獡൭䌊尺千㈠ㄷ停潲敪瑣䑜扥杵䅜獳杩浮湥㕴漮橢਍䅞獳杩浮湥㕴愮浳਍㩃䍜⁓㜲就牐橯捥屴敄畢屧獁楳湧敭瑮⸵扯൪帊獁楳湧敭瑮⸵獡൭䌊尺千㈠ㄷ停潲敪瑣䑜扥杵䅜獳杩浮湥㕴漮橢਍䅞獳杩浮湥㕴愮浳਍㩃䍜⁓㜲就牐橯捥屴敄畢屧獁楳湧敭瑮⸵扯൪帊獁楳湧敭瑮⸵獡൭䌊尺千㈠ㄷ停潲敪瑣䑜扥杵䅜獳杩浮湥㕴漮橢਍䅞獳杩浮湥㕴愮浳਍㩃䍜⁓㜲就牐橯捥屴敄畢屧獁楳湧敭瑮⸵扯൪帊獁楳湧敭瑮⸵獡൭䌊尺千㈠ㄷ停潲敪瑣䑜扥杵䅜獳杩浮湥㕴漮橢਍䅞獳杩浮湥㕴愮浳਍㩃䍜⁓㜲就牐橯捥屴敄畢屧獁楳湧敭瑮⸵扯൪帊獁楳湧敭瑮⸵獡൭䌊尺千㈠ㄷ停潲敪瑣䑜扥杵䅜獳杩浮湥㕴漮橢਍䅞獳杩浮湥㕴愮浳਍㩃䍜⁓㜲就牐橯捥屴敄畢屧獁楳湧敭瑮⸵扯൪帊㕁偉愮浳਍㩃䍜⁓㜲就牐橯捥屴敄畢屧㕁偉漮橢਍䅞䤵⹐獡൭䌊尺千㈠ㄷ停潲敪瑣䑜扥杵䅜䤵⹐扯൪帊㕁偉愮浳਍㩃䍜⁓㜲就牐橯捥屴敄畢屧㕁偉漮橢਍䅞䤵⹐獡൭䌊尺千㈠ㄷ停潲敪瑣䑜扥杵䅜䤵⹐扯൪帊㕁偉愮浳਍㩃䍜⁓㜲就牐橯捥屴敄畢屧㕁偉漮橢਍䅞䤵⹐獡൭䌊尺千㈠ㄷ停潲敪瑣䑜扥杵䅜䤵⹐扯൪帊㕁偉愮浳਍㩃䍜⁓㜲就牐橯捥屴敄畢屧㕁偉漮橢਍䅞䤵⹐獡൭䌊尺千㈠ㄷ停潲敪瑣䑜扥杵䅜䤵⹐扯൪帊㕁偉愮浳਍㩃䍜⁓㜲就牐橯捥屴敄畢屧㕁偉漮橢਍䅞䤵⹐獡൭䌊尺千㈠ㄷ停潲敪瑣䑜扥杵䅜䤵⹐扯൪帊㕁偉愮浳਍㩃䍜⁓㜲就牐橯捥屴敄畢屧㕁偉漮橢਍䅞䤵⹐獡൭䌊尺千㈠ㄷ停潲敪瑣䑜扥杵䅜䤵⹐扯൪帊㕁偉愮浳਍㩃䍜⁓㜲就牐橯捥屴敄畢屧㕁偉漮橢਍䅞䤵⹐獡൭䌊尺千㈠ㄷ停潲敪瑣䑜扥杵䅜䤵⹐扯൪帊㕁偉愮浳਍㩃䍜⁓㜲就牐橯捥屴敄畢屧㕁偉漮橢਍䅞䤵⹐獡൭䌊尺千㈠ㄷ停潲敪瑣䑜扥杵䅜䤵⹐扯൪帊㕁偉愮浳਍㩃䍜⁓㜲就牐橯捥屴敄畢屧㕁偉漮橢਍䅞䤵⹐獡൭䌊尺千㈠ㄷ停潲敪瑣䑜扥杵䅜䤵⹐扯൪帊㕁偉愮浳਍㩃䍜⁓㜲就牐橯捥屴敄畢屧㕁偉漮橢਍䅞䤵⹐獡൭䌊尺千㈠ㄷ停潲敪瑣䑜扥杵䅜䤵⹐扯൪帊㕁偉愮浳਍㩃䍜⁓㜲就牐橯捥屴敄畢屧㕁偉漮橢਍䅞䤵⹐獡൭䌊尺千㈠ㄷ停潲敪瑣䑜扥杵䅜䤵⹐扯൪帊㕁偉愮浳਍㩃䍜⁓㜲就牐橯捥屴敄畢屧㕁偉漮橢਍䅞䤵⹐獡൭䌊尺千㈠ㄷ停潲敪瑣䑜扥杵䅜䤵⹐扯൪帊㕁偉愮浳਍㩃䍜⁓㜲就牐橯捥屴敄畢屧㕁偉漮橢਍䅞䤵⹐獡൭䌊尺千㈠ㄷ停潲敪瑣䑜扥杵䅜䤵⹐扯൪帊㕁偉愮浳਍㩃䍜⁓㜲就牐橯捥屴敄畢屧㕁偉漮橢਍䅞䤵⹐獡൭䌊尺千㈠ㄷ停潲敪瑣䑜扥杵䅜䤵⹐扯൪帊㕁偉愮浳਍㩃䍜⁓㜲就牐橯捥屴敄畢屧㕁偉漮橢਍䅞䤵⹐獡൭䌊尺千㈠ㄷ停潲敪瑣䑜扥杵䅜䤵⹐扯൪帊㕁偉愮浳਍㩃䍜⁓㜲就牐橯捥屴敄畢屧㕁偉漮橢਍䅞䤵⹐獡൭䌊尺千㈠ㄷ停潲敪瑣䑜扥杵䅜䤵⹐扯൪帊㕁偉愮浳਍㩃䍜⁓㜲就牐橯捥屴敄畢屧㕁偉漮橢਍䅞䤵⹐獡൭䌊尺千㈠ㄷ停潲敪瑣䑜扥杵䅜䤵⹐扯൪帊㕁偉愮浳਍㩃䍜⁓㜲就牐橯捥屴敄畢屧㕁偉漮橢਍䅞䤵⹐獡൭䌊尺千㈠ㄷ停潲敪瑣䑜扥杵䅜䤵⹐扯൪帊㕁偉愮浳਍㩃䍜⁓㜲就牐橯捥屴敄畢屧㕁偉漮橢਍䅞䤵⹐獡൭䌊尺千㈠ㄷ停潲敪瑣䑜扥杵䅜䤵⹐扯൪帊㕁偉愮浳਍㩃䍜⁓㜲就牐橯捥屴敄畢屧㕁偉漮橢਍䅞䤵⹐獡൭䌊尺千㈠ㄷ停潲敪瑣䑜扥杵䅜䤵⹐扯൪帊㕁偉愮浳਍㩃䍜⁓㜲就牐橯捥屴敄畢屧㕁偉漮橢਍䅞䤵⹐獡൭䌊尺千㈠ㄷ停潲敪瑣䑜扥杵䅜䤵⹐扯൪帊㕁偉愮浳਍㩃䍜⁓㜲就牐橯捥屴敄畢屧㕁偉漮橢਍䅞獳杩浮湥㙴⹁獡൭䌊尺千㈠ㄷ停潲敪瑣䑜扥杵䅜獳杩浮湥㙴⹁扯൪帊獁楳湧敭瑮䄶愮浳਍㩃䍜⁓㜲就牐橯捥屴敄畢屧獁楳湧敭瑮䄶漮橢਍䅞獳杩浮湥㙴⹁獡൭䌊尺千㈠ㄷ停潲敪瑣䑜扥杵䅜獳杩浮湥㙴⹁扯൪帊獁楳湧敭瑮䄶愮浳਍㩃䍜⁓㜲就牐橯捥屴敄畢屧獁楳湧敭瑮䄶漮橢਍䅞獳杩浮湥㙴⹁獡൭䌊尺千㈠ㄷ停潲敪瑣䑜扥杵䅜獳杩浮湥㙴⹁扯൪帊獁楳湧敭瑮䄶愮浳਍㩃䍜⁓㜲就牐橯捥屴敄畢屧獁楳湧敭瑮䄶漮橢਍䅞獳杩浮湥㙴⹁獡൭䌊尺千㈠ㄷ停潲敪瑣䑜扥杵䅜獳杩浮湥㙴⹁扯൪帊獁楳湧敭瑮䄶愮浳਍㩃䍜⁓㜲就牐橯捥屴敄畢屧獁楳湧敭瑮䄶漮橢਍䅞獳杩浮湥㙴⹁獡൭䌊尺千㈠ㄷ停潲敪瑣䑜扥杵䅜獳杩浮湥㙴⹁扯൪帊獁楳湧敭瑮䄶愮浳਍㩃䍜⁓㜲就牐橯捥屴敄畢屧獁楳湧敭瑮䄶漮橢਍摞浥㙯愮浳਍㩃䍜⁓㜲就牐橯捥屴敄畢屧敤潭⸶扯൪帊獁楳湧敭瑮䄶愮浳਍㩃䍜⁓㜲就牐橯捥屴敄畢屧獁楳湧敭瑮䄶漮橢਍䅞獳杩浮湥㙴⹁獡൭䌊尺千㈠ㄷ停潲敪瑣䑜扥杵䅜獳杩浮湥㙴⹁扯൪帊獁楳湧敭瑮䄶愮浳਍㩃䍜⁓㜲就牐橯捥屴敄畢屧獁楳湧敭瑮䄶漮橢਍䅞獳杩浮湥㙴⹁獡൭䌊尺千㈠ㄷ停潲敪瑣䑜扥杵䅜獳杩浮湥㙴⹁扯൪帊獁楳湧敭瑮䄶愮浳਍㩃䍜⁓㜲就牐橯捥屴敄畢屧獁楳湧敭瑮䄶漮橢਍䅞獳杩浮湥㙴⹁獡൭䌊尺千㈠ㄷ停潲敪瑣䑜扥杵䅜獳杩浮湥㙴⹁扯൪帊獁楳湧敭瑮䄶愮浳਍㩃䍜⁓㜲就牐橯捥屴敄畢屧獁楳湧敭瑮䄶漮橢਍䅞獳杩浮湥㙴⹁獡൭䌊尺千㈠ㄷ停潲敪瑣䑜扥杵䅜獳杩浮湥㙴⹁扯൪帊獁楳湧敭瑮䄶愮浳਍㩃䍜⁓㜲就牐橯捥屴敄畢屧獁楳湧敭瑮䄶漮橢਍摞浥㙯愮浳਍㩃䍜⁓㜲就牐橯捥屴敄畢屧敤潭⸶扯൪帊敤潭⸶獡൭䌊尺千㈠ㄷ停潲敪瑣䑜扥杵摜浥㙯漮橢਍摞浥㙯愮浳਍㩃䍜⁓㜲就牐橯捥屴敄畢屧敤潭⸶扯൪帊敤潭⸶獡൭䌊尺千㈠ㄷ停潲敪瑣䑜扥杵摜浥㙯漮橢਍䅞獳杩浮湥㙴⹁獡൭䌊尺千㈠ㄷ停潲敪瑣䑜扥杵䅜獳杩浮湥㙴⹁扯൪帊獁楳湧敭瑮䄶愮浳਍㩃䍜⁓㜲就牐橯捥屴敄畢屧獁楳湧敭瑮䄶漮橢਍䅞獳杩浮湥㙴⹁獡൭䌊尺千㈠ㄷ停潲敪瑣䑜扥杵䅜獳杩浮湥㙴⹁扯൪帊敤潭⸵獡൭䌊尺千㈠ㄷ停潲敪瑣䑜扥杵摜浥㕯漮橢਍摞浥㕯愮浳਍㩃䍜⁓㜲就牐橯捥屴敄畢屧敤潭⸵扯൪帊敤潭⸵獡൭䌊尺千㈠ㄷ停潲敪瑣䑜扥杵摜浥㕯漮橢਍䅞獳杩浮湥㙴⹁獡൭䌊尺千㈠ㄷ停潲敪瑣䑜扥杵䅜獳杩浮湥㙴⹁扯൪帊獁楳湧敭瑮䄶愮浳਍㩃䍜⁓㜲就牐橯捥屴敄畢屧獁楳湧敭瑮䄶漮橢਍䅞獳杩浮湥㙴⹁獡൭䌊尺千㈠ㄷ停潲敪瑣䑜扥杵䅜獳杩浮湥㙴⹁扯൪帊獁楳湧敭瑮䄶愮浳਍㩃䍜⁓㜲就牐橯捥屴敄畢屧獁楳湧敭瑮䄶漮橢਍䅞獳杩浮湥㙴⹁獡൭䌊尺千㈠ㄷ停潲敪瑣䑜扥杵䅜獳杩浮湥㙴⹁扯൪帊獁楳湧敭瑮䄶愮浳਍㩃䍜⁓㜲就牐橯捥屴敄畢屧獁楳湧敭瑮䄶漮橢਍䅞獳杩浮湥㙴⹁獡൭䌊尺千㈠ㄷ停潲敪瑣䑜扥杵䅜獳杩浮湥㙴⹁扯൪帊獁楳湧敭瑮䄶愮浳਍㩃䍜⁓㜲就牐橯捥屴敄畢屧獁楳湧敭瑮䄶漮橢਍䅞獳杩浮湥㙴⹁獡൭䌊尺千㈠ㄷ停潲敪瑣䑜扥杵䅜獳杩浮湥㙴⹁扯൪帊獁楳湧敭瑮䄶愮浳਍㩃䍜⁓㜲就牐橯捥屴敄畢屧獁楳湧敭瑮䄶漮橢਍䅞獳杩浮湥㙴⹁獡൭䌊尺千㈠ㄷ停潲敪瑣䑜扥杵䅜獳杩浮湥㙴⹁扯൪帊獁楳湧敭瑮䄶愮浳਍㩃䍜⁓㜲就牐橯捥屴敄畢屧獁楳湧敭瑮䄶漮橢਍䅞獳杩浮湥㙴⹁獡൭䌊尺千㈠ㄷ停潲敪瑣䑜扥杵䅜獳杩浮湥㙴⹁扯൪帊獁楳湧敭瑮䄶愮浳਍㩃䍜⁓㜲就牐橯捥屴敄畢屧獁楳湧敭瑮䄶漮橢਍䅞獳杩浮湥㙴⹁獡൭䌊尺千㈠ㄷ停潲敪瑣䑜扥杵䅜獳杩浮湥㙴⹁扯൪帊獁楳湧敭瑮䄶愮浳਍㩃䍜⁓㜲就牐橯捥屴敄畢屧獁楳湧敭瑮䄶漮橢਍䅞獳杩浮湥㙴⹁獡൭䌊尺千㈠ㄷ停潲敪瑣䑜扥杵䅜獳杩浮湥㙴⹁扯൪帊獁楳湧敭瑮䄶愮浳਍㩃䍜⁓㜲就牐橯捥屴敄畢屧獁楳湧敭瑮䄶漮橢਍摞浥㙯愮浳਍㩃䍜⁓㜲就牐橯捥屴敄畢屧敤潭⸶扯൪帊敤潭⸶獡൭䌊尺千㈠ㄷ停潲敪瑣䑜扥杵摜浥㙯漮橢਍摞浥㙯愮浳਍㩃䍜⁓㜲就牐橯捥屴敄畢屧敤潭⸶扯൪帊敤潭⸶獡൭䌊尺千㈠ㄷ停潲敪瑣䑜扥杵摜浥㙯漮橢਍摞浥㙯愮浳਍㩃䍜⁓㜲就牐橯捥屴敄畢屧敤潭⸶扯൪帊敤潭⸶獡൭䌊尺千㈠ㄷ停潲敪瑣䑜扥杵摜浥㙯漮橢਍摞浥㙯愮浳਍㩃䍜⁓㜲就牐橯捥屴敄畢屧敤潭⸶扯൪帊敤潭⸶獡൭䌊尺千㈠ㄷ停潲敪瑣䑜扥杵摜浥㙯漮橢਍摞浥㙯愮浳਍㩃䍜⁓㜲就牐橯捥屴敄畢屧敤潭⸶扯൪帊㙁呁獥⹴獡൭䌊尺千㈠ㄷ停潲敪瑣䑜扥杵䅜䄶敔瑳漮橢਍䅞䄶敔瑳愮浳਍㩃䍜⁓㜲就牐橯捥屴敄畢屧㙁呁獥⹴扯൪帊㙁呁獥⹴獡൭䌊尺千㈠ㄷ停潲敪瑣䑜扥杵䅜䄶敔瑳漮橢਍䅞䄶敔瑳愮浳਍㩃䍜⁓㜲就牐橯捥屴敄畢屧㙁呁獥⹴扯൪帊㙁呁獥⹴獡൭䌊尺千㈠ㄷ停潲敪瑣䑜扥杵䅜䄶敔瑳漮橢਍䅞䄶敔瑳愮浳਍㩃䍜⁓㜲就牐橯捥屴敄畢屧㙁呁獥⹴扯൪帊㙁呁獥㉴愮浳਍㩃䍜⁓㜲就牐橯捥屴敄畢屧㙁呁獥㉴漮橢਍䅞䄶敔瑳⸲獡൭䌊尺千㈠ㄷ停潲敪瑣䑜扥杵䅜䄶敔瑳⸲扯൪帊㙁呁獥㉴愮浳਍㩃䍜⁓㜲就牐橯捥屴敄畢屧㙁呁獥㉴漮橢਍䅞䄶敔瑳⸲獡൭䌊尺千㈠ㄷ停潲敪瑣䑜扥杵䅜䄶敔瑳⸲扯൪帊㙁呁獥㉴愮浳਍㩃䍜⁓㜲就牐橯捥屴敄畢屧㙁呁獥㉴漮橢਍䅞䄶敔瑳⸲獡൭䌊尺千㈠ㄷ停潲敪瑣䑜扥杵䅜䄶敔瑳⸲扯൪帊㙁呁獥㉴愮浳਍㩃䍜⁓㜲就牐橯捥屴敄畢屧㙁呁獥㉴漮橢਍䅞䄶敔瑳⸲獡൭䌊尺千㈠ㄷ停潲敪瑣䑜扥杵䅜䄶敔瑳⸲扯൪帊㙁呁獥㉴愮浳਍㩃䍜⁓㜲就牐橯捥屴敄畢屧㙁呁獥㉴漮橢਍䅞䄶敔瑳⸲獡൭䌊尺千㈠ㄷ停潲敪瑣䑜扥杵䅜䄶敔瑳⸲扯൪帊㙁呁獥㉴愮浳਍㩃䍜⁓㜲就牐橯捥屴敄畢屧㙁呁獥㉴漮橢਍䅞䄶敔瑳⸲獡൭䌊尺千㈠ㄷ停潲敪瑣䑜扥杵䅜䄶敔瑳⸲扯൪帊㙁呁獥㉴愮浳਍㩃䍜⁓㜲就牐橯捥屴敄畢屧㙁呁獥㉴漮橢਍䅞䄶敔瑳⸲獡൭䌊尺千㈠ㄷ停潲敪瑣䑜扥杵䅜䄶敔瑳⸲扯൪帊㙁呁獥㉴愮浳਍㩃䍜⁓㜲就牐橯捥屴敄畢屧㙁呁獥㉴漮橢਍䅞䄶敔瑳⸲獡൭䌊尺千㈠ㄷ停潲敪瑣䑜扥杵䅜䄶敔瑳⸲扯൪帊㙁呁獥㉴愮浳਍㩃䍜⁓㜲就牐橯捥屴敄畢屧㙁呁獥㉴漮橢਍䅞䄶敔瑳⸲獡൭䌊尺千㈠ㄷ停潲敪瑣䑜扥杵䅜䄶敔瑳⸲扯൪帊㙁呁獥㉴愮浳਍㩃䍜⁓㜲就牐橯捥屴敄畢屧㙁呁獥㉴漮橢਍䅞䄶敔瑳⸲獡൭䌊尺千㈠ㄷ停潲敪瑣䑜扥杵䅜䄶敔瑳⸲扯൪帊㙁呁獥㉴愮浳਍㩃䍜⁓㜲就牐橯捥屴敄畢屧㙁呁獥㉴漮橢਍䅞䄶敔瑳⸲獡൭䌊尺千㈠ㄷ停潲敪瑣䑜扥杵䅜䄶敔瑳⸲扯൪帊㙁呁獥㉴愮浳਍㩃䍜⁓㜲就牐橯捥屴敄畢屧㙁呁獥㉴漮橢਍䅞獳杩浮湥㙴⹁獡൭䌊尺千㈠ㄷ停潲敪瑣䑜扥杵䅜獳杩浮湥㙴⹁扯൪帊㙁䱁⹐獡൭䌊尺千㈠ㄷ停潲敪瑣䑜扥杵䅜䄶偌漮橢਍䅞䄶偌愮浳਍㩃䍜⁓㜲就牐橯捥屴敄畢屧㙁䱁⹐扯൪帊㙁䱁⹐獡൭䌊尺千㈠ㄷ停潲敪瑣䑜扥杵䅜䄶偌漮橢਍䅞䄶偌愮浳਍㩃䍜⁓㜲就牐橯捥屴敄畢屧㙁䱁⹐扯൪帊㙁䱁⹐獡൭䌊尺千㈠ㄷ停潲敪瑣䑜扥杵䅜䄶偌漮橢਍䅞䄶偌愮浳਍㩃䍜⁓㜲就牐橯捥屴敄畢屧㙁䱁⹐扯൪帊㙁䱁⹐獡൭䌊尺千㈠ㄷ停潲敪瑣䑜扥杵䅜䄶偌漮橢਍䅞䄶偌愮浳਍㩃䍜⁓㜲就牐橯捥屴敄畢屧㙁䱁⹐扯൪帊㙁䱁⹐獡൭䌊尺千㈠ㄷ停潲敪瑣䑜扥杵䅜䄶偌漮橢਍卞牴湩呧䥯瑮愮浳਍㩃䍜⁓㜲就牐橯捥屴敄畢屧瑓楲杮潔湉⹴扯൪帊瑓楲杮潔湉⹴獡൭䌊尺千㈠ㄷ停潲敪瑣䑜扥杵卜牴湩呧䥯瑮漮橢਍卞牴湩呧䥯瑮愮浳਍㩃䍜⁓㜲就牐橯捥屴敄畢屧瑓楲杮潔湉⹴扯൪帊瑓楲杮潔湉⹴獡൭䌊尺千㈠ㄷ停潲敪瑣䑜扥杵卜牴湩呧䥯瑮漮橢਍卞牴湩呧䥯瑮愮浳਍㩃䍜⁓㜲就牐橯捥屴敄畢屧瑓楲杮潔湉⹴扯൪帊瑓楲杮潔湉⹴獡൭䌊尺千㈠ㄷ停潲敪瑣䑜扥杵卜牴湩呧䥯瑮漮橢਍卞牴湩呧䥯瑮愮浳਍㩃䍜⁓㜲就牐橯捥屴敄畢屧瑓楲杮潔湉⹴扯൪帊瑓楲杮潔湉⹴獡൭䌊尺千㈠ㄷ停潲敪瑣䑜扥杵卜牴湩呧䥯瑮漮橢਍卞牴湩呧䥯瑮愮浳਍㩃䍜⁓㜲就牐橯捥屴敄畢屧瑓楲杮潔湉⹴扯൪帊瑓楲杮潔湉⹴獡൭䌊尺千㈠ㄷ停潲敪瑣䑜扥杵卜牴湩呧䥯瑮漮橢਍卞牴湩呧䥯瑮愮浳਍㩃䍜⁓㜲就牐橯捥屴敄畢屧瑓楲杮潔湉⹴扯൪帊瑓楲杮潔湉⹴獡൭䌊尺千㈠ㄷ停潲敪瑣䑜扥杵卜牴湩呧䥯瑮漮橢਍卞牴湩呧䥯瑮愮浳਍㩃䍜⁓㜲就牐橯捥屴敄畢屧瑓楲杮潔湉⹴扯൪帊瑓楲杮潔湉⹴獡൭䌊尺千㈠ㄷ停潲敪瑣䑜扥杵卜牴湩呧䥯瑮漮橢਍卞牴湩呧䥯瑮愮浳਍㩃䍜⁓㜲就牐橯捥屴敄畢屧瑓楲杮潔湉⹴扯൪帊瑓楲杮潔湉⹴獡൭䌊尺千㈠ㄷ停潲敪瑣䑜扥杵卜牴湩呧䥯瑮漮橢਍卞牴湩呧䥯瑮愮浳਍㩃䍜⁓㜲就牐橯捥屴敄畢屧瑓楲杮潔湉⹴扯൪帊瑓楲杮潔湉⹴獡൭䌊尺千㈠ㄷ停潲敪瑣䑜扥杵卜牴湩呧䥯瑮漮橢਍卞牴湩呧䥯瑮愮浳਍㩃䍜⁓㜲就牐橯捥屴敄畢屧瑓楲杮潔湉⹴扯൪帊瑓楲杮潔湉⹴獡൭䌊尺千㈠ㄷ停潲敪瑣䑜扥杵卜牴湩呧䥯瑮漮橢਍卞牴湩呧䥯瑮愮浳਍㩃䍜⁓㜲就牐橯捥屴敄畢屧瑓楲杮潔湉⹴扯൪帊瑓楲杮潔湉⹴獡൭䌊尺千㈠ㄷ停潲敪瑣䑜扥杵卜牴湩呧䥯瑮漮橢਍卞牴湩呧䥯瑮愮浳਍㩃䍜⁓㜲就牐橯捥屴敄畢屧瑓楲杮潔湉⹴扯൪帊瑓楲杮潔湉⹴獡൭䌊尺千㈠ㄷ停潲敪瑣䑜扥杵卜牴湩呧䥯瑮漮橢਍卞牴湩呧䥯瑮愮浳਍㩃䍜⁓㜲就牐橯捥屴敄畢屧瑓楲杮潔湉⹴扯൪帊瑓楲杮潔湉⹴獡൭䌊尺千㈠ㄷ停潲敪瑣䑜扥杵卜牴湩呧䥯瑮漮橢਍卞牴湩呧䥯瑮愮浳਍㩃䍜⁓㜲就牐橯捥屴敄畢屧瑓楲杮潔湉⹴扯൪帊瑓楲杮潔湉⹴獡൭䌊尺千㈠ㄷ停潲敪瑣䑜扥杵卜牴湩呧䥯瑮漮橢਍卞牴湩呧䥯瑮愮浳਍㩃䍜⁓㜲就牐橯捥屴敄畢屧瑓楲杮潔湉⹴扯൪帊瑓楲杮潔湉⹴獡൭䌊尺千㈠ㄷ停潲敪瑣䑜扥杵卜牴湩呧䥯瑮漮橢਍卞牴湩呧䥯瑮愮浳਍㩃䍜⁓㜲就牐橯捥屴敄畢屧瑓楲杮潔湉⹴扯൪帊瑓楲杮潔湉⹴獡൭䌊尺千㈠ㄷ停潲敪瑣䑜扥杵卜牴湩呧䥯瑮漮橢਍卞牴湩呧䥯瑮愮浳਍㩃䍜⁓㜲就牐橯捥屴敄畢屧瑓楲杮潔湉⹴扯൪帊瑓楲杮潔湉⹴獡൭䌊尺千㈠ㄷ停潲敪瑣䑜扥杵卜牴湩呧䥯瑮漮橢਍卞牴湩呧䥯瑮愮浳਍㩃䍜⁓㜲就牐橯捥屴敄畢屧瑓楲杮潔湉⹴扯൪帊瑓楲杮潔湉⹴獡൭䌊尺千㈠ㄷ停潲敪瑣䑜扥杵卜牴湩呧䥯瑮漮橢਍卞牴湩呧䥯瑮愮浳਍㩃䍜⁓㜲就牐橯捥屴敄畢屧瑓楲杮潔湉⹴扯൪帊瑓楲杮潔湉⹴獡൭䌊尺千㈠ㄷ停潲敪瑣䑜扥杵卜牴湩呧䥯瑮漮橢਍䅞獳杩浮湥㙴⹁獡൭䌊尺千㈠ㄷ停潲敪瑣䑜扥杵䅜獳杩浮湥㙴⹁扯൪帊瑓楲杮潔湉⹴獡൭䌊尺千㈠ㄷ停潲敪瑣䑜扥杵卜牴湩呧䥯瑮漮橢਍䅞獳杩浮湥㙴⹁獡൭䌊尺千㈠ㄷ停潲敪瑣䑜扥杵䅜獳杩浮湥㙴⹁扯൪帊獁楳湧敭瑮䄶愮浳਍㩃䍜⁓㜲就牐橯捥屴敄畢屧獁楳湧敭瑮䄶漮橢਍䅞獳杩浮湥㙴⹁獡൭䌊尺千㈠ㄷ停潲敪瑣䑜扥杵䅜獳杩浮湥㙴⹁扯൪帊獁楳湧敭瑮䄶愮浳਍㩃䍜⁓㜲就牐橯捥屴敄畢屧獁楳湧敭瑮䄶漮橢਍䅞獳杩浮湥㙴⹁獡൭䌊尺千㈠ㄷ停潲敪瑣䑜扥杵䅜獳杩浮湥㙴⹁扯൪帊獁楳湧敭瑮䄶愮浳਍㩃䍜⁓㜲就牐橯捥屴敄畢屧獁楳湧敭瑮䄶漮橢਍䅞獳杩浮湥㙴⹁獡൭䌊尺千㈠ㄷ停潲敪瑣䑜扥杵䅜獳杩浮湥㙴⹁扯൪帊獁楳湧敭瑮䄶愮浳਍㩃䍜⁓㜲就牐橯捥屴敄畢屧獁楳湧敭瑮䄶漮橢਍䅞獳杩浮湥㙴⹁獡൭䌊尺千㈠ㄷ停潲敪瑣䑜扥杵䅜獳杩浮湥㙴⹁扯൪帊獁楳湧敭瑮䄶愮浳਍㩃䍜⁓㜲就牐橯捥屴敄畢屧獁楳湧敭瑮䄶漮橢਍䅞獳杩浮湥㙴⹁獡൭䌊尺千㈠ㄷ停潲敪瑣䑜扥杵䅜獳杩浮湥㙴⹁扯൪帊獁楳湧敭瑮䄶愮浳਍㩃䍜⁓㜲就牐橯捥屴敄畢屧獁楳湧敭瑮䄶漮橢਍䅞獳杩浮湥㙴⹁獡൭䌊尺千㈠ㄷ停潲敪瑣䑜扥杵䅜獳杩浮湥㙴⹁扯൪帊㙁䥁⹐獡൭䌊尺千㈠ㄷ停潲敪瑣䑜扥杵䅜䄶偉漮橢਍䅞䄶偉愮浳਍㩃䍜⁓㜲就牐橯捥屴敄畢屧㙁䥁⹐扯൪帊㙁䥁⹐獡൭䌊尺千㈠ㄷ停潲敪瑣䑜扥杵䅜䄶偉漮橢਍䅞䄶偉愮浳਍㩃䍜⁓㜲就牐橯捥屴敄畢屧㙁䥁⹐扯൪帊㙁䥁⹐獡൭䌊尺千㈠ㄷ停潲敪瑣䑜扥杵䅜䄶偉漮橢਍䅞䄶偉愮浳਍㩃䍜⁓㜲就牐橯捥屴敄畢屧㙁䥁⹐扯൪帊㙁䥁⹐獡൭䌊尺千㈠ㄷ停潲敪瑣䑜扥杵䅜䄶偉漮橢਍䅞䄶偉愮浳਍㩃䍜⁓㜲就牐橯捥屴敄畢屧㙁䥁⹐扯൪帊㙁䥁⹐獡൭䌊尺千㈠ㄷ停潲敪瑣䑜扥杵䅜䄶偉漮橢਍卞牴湩呧䥯瑮愮浳਍㩃䍜⁓㜲就牐橯捥屴敄畢屧瑓楲杮潔湉⹴扯൪帊㙁䥁⹐獡൭䌊尺千㈠ㄷ停潲敪瑣䑜扥杵䅜䄶偉漮橢਍䅞䄶偉愮浳਍㩃䍜⁓㜲就牐橯捥屴敄畢屧㙁䥁⹐扯൪帊㙁䥁⹐獡൭䌊尺千㈠ㄷ停潲敪瑣䑜扥杵䅜䄶偉漮橢਍䅞䄶偉愮浳਍㩃䍜⁓㜲就牐橯捥屴敄畢屧㙁䥁⹐扯൪帊㙁䥁⹐獡൭䌊尺千㈠ㄷ停潲敪瑣䑜扥杵䅜䄶偉漮橢਍卞牴湩呧䥯瑮敔瑳愮浳਍㩃䍜⁓㜲就牐橯捥屴敄畢屧瑓楲杮潔湉呴獥⹴扯൪帊瑓楲杮潔湉呴獥⹴獡൭䌊尺千㈠ㄷ停潲敪瑣䑜扥杵卜牴湩呧䥯瑮敔瑳漮橢਍卞牴湩呧䥯瑮敔瑳愮浳਍㩃䍜⁓㜲就牐橯捥屴敄畢屧瑓楲杮潔湉呴獥⹴扯൪帊瑓楲杮潔湉呴獥⹴獡൭䌊尺千㈠ㄷ停潲敪瑣䑜扥杵卜牴湩呧䥯瑮敔瑳漮橢਍卞牴湩呧䥯瑮敔瑳愮浳਍㩃䍜⁓㜲就牐橯捥屴敄畢屧瑓楲杮潔湉呴獥⹴扯൪帊瑓楲杮潔湉呴獥⹴獡൭䌊尺千㈠ㄷ停潲敪瑣䑜扥杵卜牴湩呧䥯瑮敔瑳漮橢਍卞牴湩呧䥯瑮敔瑳愮浳਍㩃䍜⁓㜲就牐橯捥屴敄畢屧瑓楲杮潔湉呴獥⹴扯൪帊瑓楲杮潔湉呴獥⹴獡൭䌊尺千㈠ㄷ停潲敪瑣䑜扥杵卜牴湩呧䥯瑮敔瑳漮橢਍卞牴湩呧䥯瑮敔瑳愮浳਍㩃䍜⁓㜲就牐橯捥屴敄畢屧瑓楲杮潔湉呴獥⹴扯൪帊敤潭⸶獡൭䌊尺千㈠ㄷ停潲敪瑣䑜扥杵摜浥㙯漮橢਍卞牴湩呧䥯瑮愮浳਍㩃䍜⁓㜲就牐橯捥屴敄畢屧瑓楲杮潔湉⹴扯൪帊瑓楲杮潔湉䱴⹐獡൭䌊尺千㈠ㄷ停潲敪瑣䑜扥杵卜牴湩呧䥯瑮偌漮橢਍卞牴湩呧䥯瑮偌愮浳਍㩃䍜⁓㜲就牐橯捥屴敄畢屧瑓楲杮潔湉䱴⹐扯൪帊瑓楲杮潔湉䱴⹐獡൭䌊尺千㈠ㄷ停潲敪瑣䑜扥杵卜牴湩呧䥯瑮偌漮橢਍卞牴湩呧䥯瑮偌愮浳਍㩃䍜⁓㜲就牐橯捥屴敄畢屧瑓楲杮潔湉䱴⹐扯൪帊敤潭ⴶ⸱獡൭䌊尺千㈠ㄷ停潲敪瑣䑜扥杵摜浥㙯ㄭ漮橢਍摞浥㙯偌愮浳਍㩃䍜⁓㜲就牐橯捥屴敄畢屧敤潭䰶⹐扯൪帊敤潭䰶⹐獡൭䌊尺千㈠ㄷ停潲敪瑣䑜扥杵摜浥㙯偌漮橢਍摞浥㙯偌愮浳਍㩃䍜⁓㜲就牐橯捥屴敄畢屧敤潭䰶⹐扯൪帊敤潭䰶⹐獡൭䌊尺千㈠ㄷ停潲敪瑣䑜扥杵摜浥㙯偌漮橢਍摞浥㙯偌愮浳਍㩃䍜⁓㜲就牐橯捥屴敄畢屧敤潭䰶⹐扯൪帊敤潭䰶⹐獡൭䌊尺千㈠ㄷ停潲敪瑣䑜扥杵摜浥㙯偌漮橢਍摞浥㙯偌愮浳਍㩃䍜⁓㜲就牐橯捥屴敄畢屧敤潭䰶⹐扯൪帊敤潭䰶⹐獡൭䌊尺千㈠ㄷ停潲敪瑣䑜扥杵摜浥㙯偌漮橢਍摞浥㙯偌愮浳਍㩃䍜⁓㜲就牐橯捥屴敄畢屧敤潭䰶⹐扯൪帊敤潭䰶⹐獡൭䌊尺千㈠ㄷ停潲敪瑣䑜扥杵摜浥㙯偌漮橢਍摞浥㙯偌愮浳਍㩃䍜⁓㜲就牐橯捥屴敄畢屧敤潭䰶⹐扯൪帊敤潭䰶⹐獡൭䌊尺千㈠ㄷ停潲敪瑣䑜扥杵摜浥㙯偌漮橢਍摞浥㙯偌愮浳਍㩃䍜⁓㜲就牐橯捥屴敄畢屧敤潭䰶⹐扯൪帊敤潭䰶⹐獡൭䌊尺千㈠ㄷ停潲敪瑣䑜扥杵摜浥㙯偌漮橢਍摞浥㙯偌愮浳਍㩃䍜⁓㜲就牐橯捥屴敄畢屧敤潭䰶⹐扯൪帊敤潭䰶⹐獡൭䌊尺千㈠ㄷ停潲敪瑣䑜扥杵摜浥㙯偌漮橢਍摞浥㙯偌愮浳਍㩃䍜⁓㜲就牐橯捥屴敄畢屧敤潭䰶⹐扯൪帊敤潭䰶⹐獡൭䌊尺千㈠ㄷ停潲敪瑣䑜扥杵摜浥㙯偌漮橢਍摞浥㙯偌愮浳਍㩃䍜⁓㜲就牐橯捥屴敄畢屧敤潭䰶⹐扯൪帊敤潭䰶⹐獡൭䌊尺千㈠ㄷ停潲敪瑣䑜扥杵摜浥㙯偌漮橢਍摞浥㙯偌愮浳਍㩃䍜⁓㜲就牐橯捥屴敄畢屧敤潭䰶⹐扯൪帊敤潭䰶⹐獡൭䌊尺千㈠ㄷ停潲敪瑣䑜扥杵摜浥㙯偌漮橢਍摞浥㙯偌愮浳਍㩃䍜⁓㜲就牐橯捥屴敄畢屧敤潭䰶⹐扯൪帊敤潭䰶⹐獡൭䌊尺千㈠ㄷ停潲敪瑣䑜扥杵摜浥㙯偌漮橢਍摞浥㙯偌愮浳਍㩃䍜⁓㜲就牐橯捥屴敄畢屧敤潭䰶⹐扯൪帊敤潭䰶⹐獡൭䌊尺千㈠ㄷ停潲敪瑣䑜扥杵摜浥㙯偌漮橢਍摞浥㙯偌愮浳਍㩃䍜⁓㜲就牐橯捥屴敄畢屧敤潭䰶⹐扯൪帊敤潭䰶⹐獡൭䌊尺千㈠ㄷ停潲敪瑣䑜扥杵摜浥㙯偌漮橢਍摞浥㙯偌愮浳਍㩃䍜⁓㜲就牐橯捥屴敄畢屧敤潭䰶⹐扯൪帊敤潭䰶⹐獡൭䌊尺千㈠ㄷ停潲敪瑣䑜扥杵摜浥㙯偌漮橢਍摞浥㙯偌愮浳਍㩃䍜⁓㜲就牐橯捥屴敄畢屧敤潭䰶⹐扯൪
C:\CS 271\Project\Debug\Project.vcxprojResolveAssemblyReference.cache
C:\CS 271\Project\Debug\A5IP.obj
C:\CS 271\Project\Debug\A6AIP.obj
C:\CS 271\Project\Debug\A6ALP.obj
C:\CS 271\Project\Debug\A6ATest.obj
C:\CS 271\Project\Debug\A6ATest2.obj
C:\CS 271\Project\Debug\assignment1.obj
C:\CS 271\Project\Debug\Assignment3.obj
C:\CS 271\Project\Debug\Assignment5.obj
C:\CS 271\Project\Debug\Assignment6A.obj
C:\CS 271\Project\Debug\demo5.obj
C:\CS 271\Project\Debug\demo6-1.obj
C:\CS 271\Project\Debug\demo6.obj
C:\CS 271\Project\Debug\demo6LP.obj
C:\CS 271\Project\Debug\EMP.obj
C:\CS 271\Project\Debug\main.obj
C:\CS 271\Project\Debug\MidtermQuestion.obj
C:\CS 271\Project\Debug\Program2.obj
C:\CS 271\Project\Debug\Program4.obj
C:\CS 271\Project\Debug\Program4AfterTest.obj
C:\CS 271\Project\Debug\StringToInt.obj
C:\CS 271\Project\Debug\StringToIntLP.obj
C:\CS 271\Project\Debug\StringToIntTest.obj
C:\CS 271\Project\Debug\template.obj
C:\CS 271\Project\Debug\Project.ilk
C:\CS 271\Project\Debug\link-cvtres.read.1.tlog
C:\CS 271\Project\Debug\link-cvtres.write.1.tlog
C:\CS 271\Project\Debug\link-DW20.read.1.tlog
C:\CS 271\Project\Debug\link-rc.read.1.tlog
C:\CS 271\Project\Debug\link-rc.write.1.tlog
C:\CS 271\Project\Debug\link.10088-cvtres.read.1.tlog
C:\CS 271\Project\Debug\link.10088-cvtres.write.1.tlog
C:\CS 271\Project\Debug\link.10088-rc.read.1.tlog
C:\CS 271\Project\Debug\link.10088-rc.write.1.tlog
C:\CS 271\Project\Debug\link.10088.read.1.tlog
C:\CS 271\Project\Debug\link.10088.write.1.tlog
C:\CS 271\Project\Debug\link.11260-cvtres.read.1.tlog
C:\CS 271\Project\Debug\link.11260-cvtres.write.1.tlog
C:\CS 271\Project\Debug\link.11260-rc.read.1.tlog
C:\CS 271\Project\Debug\link.11260-rc.write.1.tlog
C:\CS 271\Project\Debug\link.11260.read.1.tlog
C:\CS 271\Project\Debug\link.11260.write.1.tlog
C:\CS 271\Project\Debug\link.1204-cvtres.read.1.tlog
C:\CS 271\Project\Debug\link.1204-cvtres.write.1.tlog
C:\CS 271\Project\Debug\link.1204-rc.read.1.tlog
C:\CS 271\Project\Debug\link.1204-rc.write.1.tlog
C:\CS 271\Project\Debug\link.1204.read.1.tlog
C:\CS 271\Project\Debug\link.1204.write.1.tlog
C:\CS 271\Project\Debug\link.1960-cvtres.read.1.tlog
C:\CS 271\Project\Debug\link.1960-cvtres.write.1.tlog
C:\CS 271\Project\Debug\link.1960-rc.read.1.tlog
C:\CS 271\Project\Debug\link.1960-rc.write.1.tlog
C:\CS 271\Project\Debug\link.1960.read.1.tlog
C:\CS 271\Project\Debug\link.1960.write.1.tlog
C:\CS 271\Project\Debug\link.2572-cvtres.read.1.tlog
C:\CS 271\Project\Debug\link.2572-cvtres.write.1.tlog
C:\CS 271\Project\Debug\link.2572-rc.read.1.tlog
C:\CS 271\Project\Debug\link.2572-rc.write.1.tlog
C:\CS 271\Project\Debug\link.2572.read.1.tlog
C:\CS 271\Project\Debug\link.2572.write.1.tlog
C:\CS 271\Project\Debug\link.3340-cvtres.read.1.tlog
C:\CS 271\Project\Debug\link.3340-cvtres.write.1.tlog
C:\CS 271\Project\Debug\link.3340-rc.read.1.tlog
C:\CS 271\Project\Debug\link.3340-rc.write.1.tlog
C:\CS 271\Project\Debug\link.3340.read.1.tlog
C:\CS 271\Project\Debug\link.3340.write.1.tlog
C:\CS 271\Project\Debug\link.3584-cvtres.read.1.tlog
C:\CS 271\Project\Debug\link.3584-cvtres.write.1.tlog
C:\CS 271\Project\Debug\link.3584-rc.read.1.tlog
C:\CS 271\Project\Debug\link.3584-rc.write.1.tlog
C:\CS 271\Project\Debug\link.3584.read.1.tlog
C:\CS 271\Project\Debug\link.3584.write.1.tlog
C:\CS 271\Project\Debug\link.3652-cvtres.read.1.tlog
C:\CS 271\Project\Debug\link.3652-cvtres.write.1.tlog
C:\CS 271\Project\Debug\link.3652-rc.read.1.tlog
C:\CS 271\Project\Debug\link.3652-rc.write.1.tlog
C:\CS 271\Project\Debug\link.3652.read.1.tlog
C:\CS 271\Project\Debug\link.3652.write.1.tlog
C:\CS 271\Project\Debug\link.3784-cvtres.read.1.tlog
C:\CS 271\Project\Debug\link.3784-cvtres.write.1.tlog
C:\CS 271\Project\Debug\link.3784-rc.read.1.tlog
C:\CS 271\Project\Debug\link.3784-rc.write.1.tlog
C:\CS 271\Project\Debug\link.3784.read.1.tlog
C:\CS 271\Project\Debug\link.3784.write.1.tlog
C:\CS 271\Project\Debug\link.3880-cvtres.read.1.tlog
C:\CS 271\Project\Debug\link.3880-cvtres.write.1.tlog
C:\CS 271\Project\Debug\link.3880-rc.read.1.tlog
C:\CS 271\Project\Debug\link.3880-rc.write.1.tlog
C:\CS 271\Project\Debug\link.3880.read.1.tlog
C:\CS 271\Project\Debug\link.3880.write.1.tlog
C:\CS 271\Project\Debug\link.3912-cvtres.read.1.tlog
C:\CS 271\Project\Debug\link.3912-cvtres.write.1.tlog
C:\CS 271\Project\Debug\link.3912-rc.read.1.tlog
C:\CS 271\Project\Debug\link.3912-rc.write.1.tlog
C:\CS 271\Project\Debug\link.3912.read.1.tlog
C:\CS 271\Project\Debug\link.3912.write.1.tlog
C:\CS 271\Project\Debug\link.4324-cvtres.read.1.tlog
C:\CS 271\Project\Debug\link.4324-cvtres.write.1.tlog
C:\CS 271\Project\Debug\link.4324-rc.read.1.tlog
C:\CS 271\Project\Debug\link.4324-rc.write.1.tlog
C:\CS 271\Project\Debug\link.4324.read.1.tlog
C:\CS 271\Project\Debug\link.4324.write.1.tlog
C:\CS 271\Project\Debug\link.5192-cvtres.read.1.tlog
C:\CS 271\Project\Debug\link.5192-cvtres.write.1.tlog
C:\CS 271\Project\Debug\link.5192-rc.read.1.tlog
C:\CS 271\Project\Debug\link.5192-rc.write.1.tlog
C:\CS 271\Project\Debug\link.5192.read.1.tlog
C:\CS 271\Project\Debug\link.5192.write.1.tlog
C:\CS 271\Project\Debug\link.5256-cvtres.read.1.tlog
C:\CS 271\Project\Debug\link.5256-cvtres.write.1.tlog
C:\CS 271\Project\Debug\link.5256-rc.read.1.tlog
C:\CS 271\Project\Debug\link.5256-rc.write.1.tlog
C:\CS 271\Project\Debug\link.5256.read.1.tlog
C:\CS 271\Project\Debug\link.5256.write.1.tlog
C:\CS 271\Project\Debug\link.6208-cvtres.read.1.tlog
C:\CS 271\Project\Debug\link.6208-cvtres.write.1.tlog
C:\CS 271\Project\Debug\link.6208-rc.read.1.tlog
C:\CS 271\Project\Debug\link.6208-rc.write.1.tlog
C:\CS 271\Project\Debug\link.6208.read.1.tlog
C:\CS 271\Project\Debug\link.6208.write.1.tlog
C:\CS 271\Project\Debug\link.6232-cvtres.read.1.tlog
C:\CS 271\Project\Debug\link.6232-cvtres.write.1.tlog
C:\CS 271\Project\Debug\link.6232-rc.read.1.tlog
C:\CS 271\Project\Debug\link.6232-rc.write.1.tlog
C:\CS 271\Project\Debug\link.6232.read.1.tlog
C:\CS 271\Project\Debug\link.6232.write.1.tlog
C:\CS 271\Project\Debug\link.6236-cvtres.read.1.tlog
C:\CS 271\Project\Debug\link.6236-cvtres.write.1.tlog
C:\CS 271\Project\Debug\link.6236-rc.read.1.tlog
C:\CS 271\Project\Debug\link.6236-rc.write.1.tlog
C:\CS 271\Project\Debug\link.6236.read.1.tlog
C:\CS 271\Project\Debug\link.6236.write.1.tlog
C:\CS 271\Project\Debug\link.6836-cvtres.read.1.tlog
C:\CS 271\Project\Debug\link.6836-cvtres.write.1.tlog
C:\CS 271\Project\Debug\link.6836-rc.read.1.tlog
C:\CS 271\Project\Debug\link.6836-rc.write.1.tlog
C:\CS 271\Project\Debug\link.6836.read.1.tlog
C:\CS 271\Project\Debug\link.6836.write.1.tlog
C:\CS 271\Project\Debug\link.6860-cvtres.read.1.tlog
C:\CS 271\Project\Debug\link.6860-cvtres.write.1.tlog
C:\CS 271\Project\Debug\link.6860-rc.read.1.tlog
C:\CS 271\Project\Debug\link.6860-rc.write.1.tlog
C:\CS 271\Project\Debug\link.6860.read.1.tlog
C:\CS 271\Project\Debug\link.6860.write.1.tlog
C:\CS 271\Project\Debug\link.6980-cvtres.read.1.tlog
C:\CS 271\Project\Debug\link.6980-cvtres.write.1.tlog
C:\CS 271\Project\Debug\link.6980-rc.read.1.tlog
C:\CS 271\Project\Debug\link.6980-rc.write.1.tlog
C:\CS 271\Project\Debug\link.6980.read.1.tlog
C:\CS 271\Project\Debug\link.6980.write.1.tlog
C:\CS 271\Project\Debug\link.7048-cvtres.read.1.tlog
C:\CS 271\Project\Debug\link.7048-cvtres.write.1.tlog
C:\CS 271\Project\Debug\link.7048-rc.read.1.tlog
C:\CS 271\Project\Debug\link.7048-rc.write.1.tlog
C:\CS 271\Project\Debug\link.7048.read.1.tlog
C:\CS 271\Project\Debug\link.7048.write.1.tlog
C:\CS 271\Project\Debug\link.7072-cvtres.read.1.tlog
C:\CS 271\Project\Debug\link.7072-cvtres.write.1.tlog
C:\CS 271\Project\Debug\link.7072-rc.read.1.tlog
C:\CS 271\Project\Debug\link.7072-rc.write.1.tlog
C:\CS 271\Project\Debug\link.7072.read.1.tlog
C:\CS 271\Project\Debug\link.7072.write.1.tlog
C:\CS 271\Project\Debug\link.7280-cvtres.read.1.tlog
C:\CS 271\Project\Debug\link.7280-cvtres.write.1.tlog
C:\CS 271\Project\Debug\link.7280-rc.read.1.tlog
C:\CS 271\Project\Debug\link.7280-rc.write.1.tlog
C:\CS 271\Project\Debug\link.7280.read.1.tlog
C:\CS 271\Project\Debug\link.7280.write.1.tlog
C:\CS 271\Project\Debug\link.7480-cvtres.read.1.tlog
C:\CS 271\Project\Debug\link.7480-cvtres.write.1.tlog
C:\CS 271\Project\Debug\link.7480-rc.read.1.tlog
C:\CS 271\Project\Debug\link.7480-rc.write.1.tlog
C:\CS 271\Project\Debug\link.7480.read.1.tlog
C:\CS 271\Project\Debug\link.7480.write.1.tlog
C:\CS 271\Project\Debug\link.8052-cvtres.read.1.tlog
C:\CS 271\Project\Debug\link.8052-cvtres.write.1.tlog
C:\CS 271\Project\Debug\link.8052-rc.read.1.tlog
C:\CS 271\Project\Debug\link.8052-rc.write.1.tlog
C:\CS 271\Project\Debug\link.8052.read.1.tlog
C:\CS 271\Project\Debug\link.8052.write.1.tlog
C:\CS 271\Project\Debug\link.8344-cvtres.read.1.tlog
C:\CS 271\Project\Debug\link.8344-cvtres.write.1.tlog
C:\CS 271\Project\Debug\link.8344-rc.read.1.tlog
C:\CS 271\Project\Debug\link.8344-rc.write.1.tlog
C:\CS 271\Project\Debug\link.8344.read.1.tlog
C:\CS 271\Project\Debug\link.8344.write.1.tlog
C:\CS 271\Project\Debug\link.8384-cvtres.read.1.tlog
C:\CS 271\Project\Debug\link.8384-cvtres.write.1.tlog
C:\CS 271\Project\Debug\link.8384-rc.read.1.tlog
C:\CS 271\Project\Debug\link.8384-rc.write.1.tlog
C:\CS 271\Project\Debug\link.8384.read.1.tlog
C:\CS 271\Project\Debug\link.8384.write.1.tlog
C:\CS 271\Project\Debug\link.8708-cvtres.read.1.tlog
C:\CS 271\Project\Debug\link.8708-cvtres.write.1.tlog
C:\CS 271\Project\Debug\link.8708-rc.read.1.tlog
C:\CS 271\Project\Debug\link.8708-rc.write.1.tlog
C:\CS 271\Project\Debug\link.8708.read.1.tlog
C:\CS 271\Project\Debug\link.8708.write.1.tlog
C:\CS 271\Project\Debug\link.8984-cvtres.read.1.tlog
C:\CS 271\Project\Debug\link.8984-cvtres.write.1.tlog
C:\CS 271\Project\Debug\link.8984-rc.read.1.tlog
C:\CS 271\Project\Debug\link.8984-rc.write.1.tlog
C:\CS 271\Project\Debug\link.8984.read.1.tlog
C:\CS 271\Project\Debug\link.8984.write.1.tlog
C:\CS 271\Project\Debug\link.9340-cvtres.read.1.tlog
C:\CS 271\Project\Debug\link.9340-cvtres.write.1.tlog
C:\CS 271\Project\Debug\link.9340-rc.read.1.tlog
C:\CS 271\Project\Debug\link.9340-rc.write.1.tlog
C:\CS 271\Project\Debug\link.9340.read.1.tlog
C:\CS 271\Project\Debug\link.9340.write.1.tlog
C:\CS 271\Project\Debug\link.9760-cvtres.read.1.tlog
C:\CS 271\Project\Debug\link.9760-cvtres.write.1.tlog
C:\CS 271\Project\Debug\link.9760-rc.read.1.tlog
C:\CS 271\Project\Debug\link.9760-rc.write.1.tlog
C:\CS 271\Project\Debug\link.9760.read.1.tlog
C:\CS 271\Project\Debug\link.9760.write.1.tlog
C:\CS 271\Project\Debug\link.9964-cvtres.read.1.tlog
C:\CS 271\Project\Debug\link.9964-cvtres.write.1.tlog
C:\CS 271\Project\Debug\link.9964-rc.read.1.tlog
C:\CS 271\Project\Debug\link.9964-rc.write.1.tlog
C:\CS 271\Project\Debug\link.9964.read.1.tlog
C:\CS 271\Project\Debug\link.9964.write.1.tlog
C:\CS 271\Project\Debug\link.command.1.tlog
C:\CS 271\Project\Debug\link.read.1.tlog
C:\CS 271\Project\Debug\link.write.1.tlog
C:\CS 271\Project\Debug\mt.command.1.tlog
C:\CS 271\Project\Debug\mt.read.1.tlog
C:\CS 271\Project\Debug\mt.write.1.tlog
C:\CS 271\Project\Debug\Project.write.1.tlog
C:\CS 271\Project\Debug\Project.pdb
C:\CS 271\Project\Debug\Project.exe
